<?xml version="1.0" encoding="UTF-8"?>
<testng-results ignored="0" total="1" passed="1" failed="0" skipped="0">
  <reporter-output>
  </reporter-output>
  <suite started-at="2023-08-26T01:02:42 EEST" name="Default suite" finished-at="2023-08-26T01:02:46 EEST" duration-ms="3259">
    <groups>
    </groups>
    <test started-at="2023-08-26T01:02:42 EEST" name="Default test" finished-at="2023-08-26T01:02:46 EEST" duration-ms="3259">
      <class name="getAPI">
        <test-method is-config="true" signature="setUpExtentReports()[pri:0, instance:getAPI@66d3eec0]" started-at="2023-08-26T01:02:42 EEST" name="setUpExtentReports" finished-at="2023-08-26T01:02:42 EEST" duration-ms="263" status="PASS">
          <reporter-output>
          </reporter-output>
        </test-method> <!-- setUpExtentReports -->
        <test-method is-config="true" signature="setUpTest()[pri:0, instance:getAPI@66d3eec0]" started-at="2023-08-26T01:02:42 EEST" name="setUpTest" finished-at="2023-08-26T01:02:42 EEST" duration-ms="3" status="PASS">
          <reporter-output>
          </reporter-output>
        </test-method> <!-- setUpTest -->
        <test-method signature="ListAPI()[pri:0, instance:getAPI@66d3eec0]" started-at="2023-08-26T01:02:42 EEST" name="ListAPI" finished-at="2023-08-26T01:02:45 EEST" duration-ms="2790" status="PASS">
          <reporter-output>
          </reporter-output>
        </test-method> <!-- ListAPI -->
        <test-method is-config="true" signature="tearDownTest()[pri:0, instance:getAPI@66d3eec0]" started-at="2023-08-26T01:02:45 EEST" name="tearDownTest" finished-at="2023-08-26T01:02:46 EEST" duration-ms="407" status="PASS">
          <reporter-output>
          </reporter-output>
        </test-method> <!-- tearDownTest -->
        <test-method is-config="true" signature="tearDownExtentReports()[pri:0, instance:getAPI@66d3eec0]" started-at="2023-08-26T01:02:46 EEST" name="tearDownExtentReports" finished-at="2023-08-26T01:02:46 EEST" duration-ms="86" status="PASS">
          <reporter-output>
          </reporter-output>
        </test-method> <!-- tearDownExtentReports -->
      </class> <!-- getAPI -->
    </test> <!-- Default test -->
  </suite> <!-- Default suite -->
</testng-results>
